<?xml version="1.0" encoding="UTF-8"?>
<!-- Generated by org.testng.reporters.JUnitXMLReporter -->
<testsuite ignored="2" hostname="LAPTOP-CFNFQMU8" failures="0" tests="1" name="Default test" time="23.189" errors="0" timestamp="18 mar. 2021 03:14:08 GMT">
  <testcase classname="com.konexbvc.test.TramiteTest" name="consultarTramiteCorreo" time="19.998"/>
  <testcase classname="com.konexbvc.test.TramiteTest" name="registrarTramite" time="0.0">
    <ignored/>
  </testcase> <!-- registrarTramite -->
  <testcase classname="com.konexbvc.test.TramiteTest" name="consultarTramite" time="0.0">
    <ignored/>
  </testcase> <!-- consultarTramite -->
</testsuite> <!-- Default test -->
