<?xml version="1.0" encoding="UTF-8"?>
<testng-results ignored="2" total="3" passed="1" failed="0" skipped="0">
  <reporter-output>
  </reporter-output>
  <suite started-at="2021-03-18T03:13:45Z" name="Default suite" finished-at="2021-03-18T03:14:08Z" duration-ms="23189">
    <groups>
    </groups>
    <test started-at="2021-03-18T03:13:45Z" name="Default test" finished-at="2021-03-18T03:14:08Z" duration-ms="23189">
      <class name="com.konexbvc.test.TramiteTest">
        <test-method is-config="true" signature="inicializar()[pri:0, instance:com.konexbvc.test.TramiteTest@2e53b094]" started-at="2021-03-18T03:13:45Z" name="inicializar" finished-at="2021-03-18T03:13:47Z" duration-ms="2285" status="PASS">
          <reporter-output>
          </reporter-output>
        </test-method> <!-- inicializar -->
        <test-method signature="consultarTramiteCorreo()[pri:2, instance:com.konexbvc.test.TramiteTest@2e53b094]" started-at="2021-03-18T03:13:48Z" name="consultarTramiteCorreo" description="Consultar Numero de Tramite en el correo electronico" finished-at="2021-03-18T03:14:08Z" duration-ms="19998" status="PASS">
          <reporter-output>
          </reporter-output>
        </test-method> <!-- consultarTramiteCorreo -->
        <test-method is-config="true" signature="tearDown()[pri:0, instance:com.konexbvc.test.TramiteTest@2e53b094]" started-at="2021-03-18T03:14:08Z" name="tearDown" finished-at="2021-03-18T03:14:08Z" duration-ms="674" status="PASS">
          <reporter-output>
          </reporter-output>
        </test-method> <!-- tearDown -->
      </class> <!-- com.konexbvc.test.TramiteTest -->
    </test> <!-- Default test -->
  </suite> <!-- Default suite -->
</testng-results>
